<?xml version="1.0" encoding="UTF-8"?>
<!-- Generated by org.testng.reporters.JUnitReportReporter -->
<testsuite hostname="LAPTOP-354PICQV" failures="0" tests="1" name="QueryRequestSpecification.QueryRequestSpecification" time="0.509" errors="0" timestamp="2023-11-09T19:31:02 IST" skipped="0">
  <testcase classname="QueryRequestSpecification.QueryRequestSpecification" name="createUser" time="0.509"/>
</testsuite> <!-- QueryRequestSpecification.QueryRequestSpecification -->
