<?xml version="1.0" encoding="UTF-8"?>
<!-- Generated by org.testng.reporters.JUnitReportReporter -->
<testsuite hostname="LAPTOP-354PICQV" failures="0" tests="1" name="Session16.SerializationAndDeserialization" time="2.305" errors="0" timestamp="2023-11-15T09:22:38 IST" skipped="0">
  <testcase classname="Session16.SerializationAndDeserialization" name="CreateJSONObjectFromEmployeeClassObject" time="2.305"/>
</testsuite> <!-- Session16.SerializationAndDeserialization -->
