<?xml version="1.0" encoding="UTF-8"?>
<!-- Generated by org.testng.reporters.JUnitReportReporter -->
<testsuite hostname="LAPTOP-354PICQV" failures="0" tests="1" name="Session13.JSONObjectUsingJacksonAPI" time="2.778" errors="0" timestamp="2023-11-13T10:27:06 IST" skipped="0">
  <testcase classname="Session13.JSONObjectUsingJacksonAPI" name="CreateUser" time="2.778"/>
</testsuite> <!-- Session13.JSONObjectUsingJacksonAPI -->
