<?xml version="1.0" encoding="UTF-8"?>
<!-- Generated by org.testng.reporters.JUnitReportReporter -->
<testsuite hostname="LAPTOP-354PICQV" failures="0" tests="1" name="PracticeREST.PatchTestMethod" time="2.676" errors="0" timestamp="2023-11-02T10:39:30 IST" skipped="0">
  <testcase classname="PracticeREST.PatchTestMethod" name="test05" time="2.676"/>
</testsuite> <!-- PracticeREST.PatchTestMethod -->
