<?xml version="1.0" encoding="UTF-8"?>
<!-- Generated by org.testng.reporters.JUnitReportReporter -->
<testsuite hostname="LAPTOP-354PICQV" failures="0" tests="1" name="Session08.APIKey" time="2.331" errors="0" timestamp="2023-11-07T09:53:20 IST" skipped="0">
  <testcase classname="Session08.APIKey" name="apiKey" time="2.331"/>
</testsuite> <!-- Session08.APIKey -->
