<?xml version="1.0" encoding="UTF-8"?>
<!-- Generated by org.testng.reporters.JUnitReportReporter -->
<testsuite hostname="LAPTOP-354PICQV" failures="0" tests="1" name="FirstGETRequest" time="1.852" errors="0" timestamp="2023-11-01T11:50:07 IST" skipped="0">
  <testcase classname="FirstGETRequest" name="testcase01" time="1.852"/>
</testsuite> <!-- FirstGETRequest -->
