<?xml version="1.0" encoding="UTF-8"?>
<!-- Generated by org.testng.reporters.JUnitReportReporter -->
<testsuite hostname="LAPTOP-354PICQV" failures="0" tests="1" name="PracticeREST.DeleteTestMethod" time="2.262" errors="0" timestamp="2023-11-02T10:43:39 IST" skipped="0">
  <testcase classname="PracticeREST.DeleteTestMethod" name="test05" time="2.262"/>
</testsuite> <!-- PracticeREST.DeleteTestMethod -->
