<?xml version="1.0" encoding="UTF-8"?>
<!-- Generated by org.testng.reporters.JUnitReportReporter -->
<testsuite hostname="LAPTOP-354PICQV" failures="0" tests="1" name="Session08.OAuth20" time="4.519" errors="0" timestamp="2023-11-08T09:38:19 IST" skipped="0">
  <testcase classname="Session08.OAuth20" name="apiKey" time="4.519"/>
</testsuite> <!-- Session08.OAuth20 -->
