<?xml version="1.0" encoding="UTF-8"?>
<!-- Generated by org.testng.reporters.JUnitReportReporter -->
<testsuite hostname="LAPTOP-354PICQV" failures="0" tests="1" name="PracticeREST.PutTestMethod" time="4.058" errors="0" timestamp="2023-11-02T10:37:32 IST" skipped="0">
  <testcase classname="PracticeREST.PutTestMethod" name="test04" time="4.058"/>
</testsuite> <!-- PracticeREST.PutTestMethod -->
