<?xml version="1.0" encoding="UTF-8"?>
<!-- Generated by org.testng.reporters.JUnitReportReporter -->
<testsuite hostname="LAPTOP-354PICQV" failures="0" tests="2" name="Session12.JSONArrayDemo" time="4.324" errors="0" timestamp="2023-11-13T10:24:24 IST" skipped="1">
  <testcase classname="Session12.JSONArrayDemo" name="CreateJSonArrayUsingList" time="4.324"/>
  <testcase classname="Session12.JSONArrayDemo" name="createUserUsingJSONArray">
    <skipped/>
  </testcase> <!-- createUserUsingJSONArray -->
</testsuite> <!-- Session12.JSONArrayDemo -->
