<?xml version="1.0" encoding="UTF-8"?>
<!-- Generated by org.testng.reporters.JUnitReportReporter -->
<testsuite hostname="LAPTOP-354PICQV" failures="0" tests="1" name="Session07.QueryParameterDemo" time="3.107" errors="0" timestamp="2023-11-04T20:30:29 IST" skipped="0">
  <testcase classname="Session07.QueryParameterDemo" name="filterData" time="3.107"/>
</testsuite> <!-- Session07.QueryParameterDemo -->
