<?xml version="1.0" encoding="UTF-8"?>
<!-- Generated by org.testng.reporters.JUnitReportReporter -->
<testsuite hostname="LAPTOP-354PICQV" failures="0" tests="1" name="PracticeREST.PostTestMethod" time="2.859" errors="0" timestamp="2023-11-02T10:31:01 IST" skipped="0">
  <testcase classname="PracticeREST.PostTestMethod" name="test03" time="2.859"/>
</testsuite> <!-- PracticeREST.PostTestMethod -->
