<?xml version="1.0" encoding="UTF-8"?>
<!-- Generated by org.testng.reporters.JUnitReportReporter -->
<testsuite hostname="LAPTOP-354PICQV" failures="0" tests="1" name="Session06.ResponseBodyJSON" time="2.223" errors="0" timestamp="2023-11-04T11:06:54 IST" skipped="0">
  <testcase classname="Session06.ResponseBodyJSON" name="f" time="2.223"/>
</testsuite> <!-- Session06.ResponseBodyJSON -->
