<?xml version="1.0" encoding="UTF-8"?>
<!-- Generated by org.testng.reporters.JUnitReportReporter -->
<testsuite hostname="LAPTOP-354PICQV" failures="0" tests="1" name="Session08.BearerToken" time="2.025" errors="0" timestamp="2023-11-07T09:27:10 IST" skipped="0">
  <testcase classname="Session08.BearerToken" name="bearerTokenDemo" time="2.025"/>
</testsuite> <!-- Session08.BearerToken -->
