<?xml version="1.0" encoding="UTF-8"?>
<!-- Generated by org.testng.reporters.JUnitReportReporter -->
<testsuite hostname="LAPTOP-354PICQV" failures="0" tests="2" name="Session08.Authorization" time="4.144" errors="0" timestamp="2023-11-06T08:24:34 IST" skipped="0">
  <testcase classname="Session08.Authorization" name="BasicAuth" time="1.950"/>
  <testcase classname="Session08.Authorization" name="DigestAuth" time="2.194"/>
</testsuite> <!-- Session08.Authorization -->
